<?xml version="1.0" encoding="UTF-8"?>
<!-- Generated by org.testng.reporters.JUnitReportReporter -->
<testsuite hostname="OE051-Siddes" failures="0" tests="1" name="test.GETOperation" time="2.256" errors="0" timestamp="2022-11-14T20:13:44 IST" skipped="0">
  <testcase classname="test.GETOperation" name="validateGetconnectorsAPI" time="2.256"/>
  <system-out/>
</testsuite> <!-- test.GETOperation -->
